#
# There is insufficient memory for the Java Runtime Environment to continue.
# Native memory allocation (mmap) failed to map 264241152 bytes. Error detail: G1 virtual space
# Possible reasons:
#   The system is out of physical RAM or swap space
#   This process is running with CompressedOops enabled, and the Java Heap may be blocking the growth of the native heap
# Possible solutions:
#   Reduce memory load on the system
#   Increase physical memory or swap space
#   Check if swap backing store is full
#   Decrease Java heap size (-Xmx/-Xms)
#   Decrease number of Java threads
#   Decrease Java thread stack sizes (-Xss)
#   Set larger code cache with -XX:ReservedCodeCacheSize=
#   JVM is running with Zero Based Compressed Oops mode in which the Java heap is
#     placed in the first 32GB address space. The Java Heap base address is the
#     maximum limit for the native heap growth. Please use -XX:HeapBaseMinAddress
#     to set the Java Heap base and to place the Java Heap above 32GB virtual address.
# This output file may be truncated or incomplete.
#
#  Out of Memory Error (os_windows.cpp:3925), pid=95656, tid=82256
#
# JRE version:  (21.0.8) (build )
# Java VM: OpenJDK 64-Bit Server VM (21.0.8+-14018985-b1038.68, mixed mode, sharing, tiered, compressed oops, compressed class ptrs, g1 gc, windows-amd64)
# No core dump will be written. Minidumps are not enabled by default on client versions of Windows
#

---------------  S U M M A R Y ------------

Command Line: org.jetbrains.kotlin.cli.jvm.K2JVMCompiler @D:\bodytalk_app\build\app\20251104_6692161390027449031.compiler.options

Host: 11th Gen Intel(R) Core(TM) i7-1165G7 @ 2.80GHz, 8 cores, 15G,  Windows 11 , 64 bit Build 26100 (10.0.26100.6725)
Time: Tue Nov  4 19:29:47 2025 Arab Standard Time elapsed time: 0.018813 seconds (0d 0h 0m 0s)

---------------  T H R E A D  ---------------

Current thread (0x000001bfe562e510):  JavaThread "Unknown thread" [_thread_in_vm, id=82256, stack(0x00000024e4200000,0x00000024e4300000) (1024K)]

Stack: [0x00000024e4200000,0x00000024e4300000]
Native frames: (J=compiled Java code, j=interpreted, Vv=VM code, C=native code)
V  [jvm.dll+0x6d68d9]
V  [jvm.dll+0x866693]
V  [jvm.dll+0x868c4e]
V  [jvm.dll+0x869333]
V  [jvm.dll+0x280566]
V  [jvm.dll+0x6d3195]
V  [jvm.dll+0x6c69ea]
V  [jvm.dll+0x3586db]
V  [jvm.dll+0x360336]
V  [jvm.dll+0x3b23f6]
V  [jvm.dll+0x3b26c8]
V  [jvm.dll+0x32ae6c]
V  [jvm.dll+0x32bb5b]
V  [jvm.dll+0x82e109]
V  [jvm.dll+0x3bf5c8]
V  [jvm.dll+0x817388]
V  [jvm.dll+0x453b6e]
V  [jvm.dll+0x4552d1]
C  [jli.dll+0x52ab]
C  [ucrtbase.dll+0x37b0]
C  [KERNEL32.DLL+0x2e8d7]
C  [ntdll.dll+0x8c53c]


---------------  P R O C E S S  ---------------

Threads class SMR info:
_java_thread_list=0x00007ffe511bb988, length=0, elements={
}

Java Threads: ( => current thread )
Total: 0

Other Threads:
  0x000001bfe7a74030 WorkerThread "GC Thread#0"                     [id=111520, stack(0x00000024e4300000,0x00000024e4400000) (1024K)]
  0x000001bfe7a84d40 ConcurrentGCThread "G1 Main Marker"            [id=10956, stack(0x00000024e4400000,0x00000024e4500000) (1024K)]
  0x000001bfe7a87ff0 WorkerThread "G1 Conc#0"                       [id=108800, stack(0x00000024e4500000,0x00000024e4600000) (1024K)]

[error occurred during error reporting (printing all threads), id 0xc0000005, EXCEPTION_ACCESS_VIOLATION (0xc0000005) at pc=0x00007ffe509addd7]
VM state: not at safepoint (not fully initialized)

VM Mutex/Monitor currently owned by a thread:  ([mutex/lock_event])
[0x00007ffe512286b8] Heap_lock - owner thread: 0x000001bfe562e510

Heap address: 0x0000000704200000, size: 4030 MB, Compressed Oops mode: Zero based, Oop shift amount: 3

CDS archive(s) mapped at: [0x0000000000000000-0x0000000000000000-0x0000000000000000), size 0, SharedBaseAddress: 0x0000000800000000, ArchiveRelocationMode: 1.
Narrow klass base: 0x0000000000000000, Narrow klass shift: 0, Narrow klass range: 0x0

GC Precious Log:
 CardTable entry size: 512
 Card Set container configuration: InlinePtr #cards 4 size 8 Array Of Cards #cards 16 size 48 Howl #buckets 8 coarsen threshold 3686 Howl Bitmap #cards 512 size 80 coarsen threshold 460 Card regions per heap region 1 cards per card region 4096

Heap:
 garbage-first heap   total 0K, used 0K [0x0000000704200000, 0x0000000800000000)
  region size 2048K, 0 young (0K), 0 survivors (0K)
 Metaspace       used 0K, committed 0K, reserved 0K
  class space    used 0K, committed 0K, reserved 0K

Heap Regions: E=young(eden), S=young(survivor), O=old, HS=humongous(starts), HC=humongous(continues), CS=collection set, F=free, TAMS=top-at-mark-start, PB=parsable bottom

Card table byte_map: [0x000001bffa660000,0x000001bffae40000] _byte_map_base: 0x000001bff6e3f000

Marking Bits: (CMBitMap*) 0x000001bfe7a74730
 Bits: [0x000001bffae40000, 0x000001bffed38000)

GC Heap History (0 events):
No events

Dll operation events (1 events):
Event: 0.012 Loaded shared library C:\Program Files\Android\Android Studio\jbr\bin\java.dll

Deoptimization events (0 events):
No events

Classes loaded (0 events):
No events

Classes unloaded (0 events):
No events

Classes redefined (0 events):
No events

Internal exceptions (0 events):
No events

ZGC Phase Switch (0 events):
No events

VM Operations (0 events):
No events

Memory protections (0 events):
No events

Nmethod flushes (0 events):
No events

Events (0 events):
No events


Dynamic libraries:
0x00007ff6c50f0000 - 0x00007ff6c50fa000 	C:\Program Files\Android\Android Studio\jbr\bin\java.exe
0x00007ffefa640000 - 0x00007ffefa8a8000 	C:\WINDOWS\SYSTEM32\ntdll.dll
0x00007ffef91f0000 - 0x00007ffef92b9000 	C:\WINDOWS\System32\KERNEL32.DLL
0x00007ffef77d0000 - 0x00007ffef7bc2000 	C:\WINDOWS\System32\KERNELBASE.dll
0x0000000073530000 - 0x00000000735c3000 	C:\WINDOWS\System32\SYSFER.DLL
0x00007ffef82c0000 - 0x00007ffef840b000 	C:\WINDOWS\System32\ucrtbase.dll
0x00007ffee5440000 - 0x00007ffee5458000 	C:\Program Files\Android\Android Studio\jbr\bin\jli.dll
0x00007ffee5360000 - 0x00007ffee537b000 	C:\Program Files\Android\Android Studio\jbr\bin\VCRUNTIME140.dll
0x00007ffefa1d0000 - 0x00007ffefa395000 	C:\WINDOWS\System32\USER32.dll
0x00007ffef7e00000 - 0x00007ffef7e27000 	C:\WINDOWS\System32\win32u.dll
0x00007ffed4490000 - 0x00007ffed4723000 	C:\WINDOWS\WinSxS\amd64_microsoft.windows.common-controls_6595b64144ccf1df_6.0.26100.6899_none_3e0efeeae32e88c1\COMCTL32.dll
0x00007ffef8410000 - 0x00007ffef843b000 	C:\WINDOWS\System32\GDI32.dll
0x00007ffef7e30000 - 0x00007ffef7f5d000 	C:\WINDOWS\System32\gdi32full.dll
0x00007ffef8a60000 - 0x00007ffef8b09000 	C:\WINDOWS\System32\msvcrt.dll
0x00007ffef8210000 - 0x00007ffef82b3000 	C:\WINDOWS\System32\msvcp_win.dll
0x00007ffefa3a0000 - 0x00007ffefa3cf000 	C:\WINDOWS\System32\IMM32.DLL
0x00007ffef14b0000 - 0x00007ffef14bc000 	C:\Program Files\Android\Android Studio\jbr\bin\vcruntime140_1.dll
0x00007ffeb26a0000 - 0x00007ffeb272d000 	C:\Program Files\Android\Android Studio\jbr\bin\msvcp140.dll
0x00007ffe50670000 - 0x00007ffe51306000 	C:\Program Files\Android\Android Studio\jbr\bin\server\jvm.dll
0x00007ffef8910000 - 0x00007ffef89c4000 	C:\WINDOWS\System32\ADVAPI32.dll
0x00007ffef9520000 - 0x00007ffef95c6000 	C:\WINDOWS\System32\sechost.dll
0x00007ffefa4e0000 - 0x00007ffefa5f8000 	C:\WINDOWS\System32\RPCRT4.dll
0x00007ffef92c0000 - 0x00007ffef9334000 	C:\WINDOWS\System32\WS2_32.dll
0x00007ffef7650000 - 0x00007ffef76ae000 	C:\WINDOWS\SYSTEM32\POWRPROF.dll
0x00007ffeed160000 - 0x00007ffeed195000 	C:\WINDOWS\SYSTEM32\WINMM.dll
0x00007ffee4b20000 - 0x00007ffee4b2b000 	C:\WINDOWS\SYSTEM32\VERSION.dll
0x00007ffef7630000 - 0x00007ffef7644000 	C:\WINDOWS\SYSTEM32\UMPDC.dll
0x00007ffef6560000 - 0x00007ffef657b000 	C:\WINDOWS\SYSTEM32\kernel.appcore.dll
0x00007ffee51f0000 - 0x00007ffee51fa000 	C:\Program Files\Android\Android Studio\jbr\bin\jimage.dll
0x00007ffef5000000 - 0x00007ffef5242000 	C:\WINDOWS\SYSTEM32\DBGHELP.DLL
0x00007ffef8e70000 - 0x00007ffef91eb000 	C:\WINDOWS\System32\combase.dll
0x00007ffef9440000 - 0x00007ffef9517000 	C:\WINDOWS\System32\OLEAUT32.dll
0x00007ffecc410000 - 0x00007ffecc44c000 	C:\WINDOWS\SYSTEM32\dbgcore.DLL
0x00007ffef7f60000 - 0x00007ffef7ff8000 	C:\WINDOWS\System32\bcryptPrimitives.dll
0x00007ffee2b10000 - 0x00007ffee2b30000 	C:\Program Files\Android\Android Studio\jbr\bin\java.dll

JVMTI agents: none

dbghelp: loaded successfully - version: 4.0.5 - missing functions: none
symbol engine: initialized successfully - sym options: 0x614 - pdb path: .;C:\Program Files\Android\Android Studio\jbr\bin;C:\WINDOWS\SYSTEM32;C:\WINDOWS\WinSxS\amd64_microsoft.windows.common-controls_6595b64144ccf1df_6.0.26100.6899_none_3e0efeeae32e88c1;C:\Program Files\Android\Android Studio\jbr\bin\server

VM Arguments:
java_command: org.jetbrains.kotlin.cli.jvm.K2JVMCompiler @D:\bodytalk_app\build\app\20251104_6692161390027449031.compiler.options
java_class_path (initial): C:\Users\MOI\.gradle\caches\modules-2\files-2.1\org.jetbrains.kotlin\kotlin-compiler-embeddable\2.1.0\988bf980588bbbcfa1ba19c1ffd7aa869b335a31\kotlin-compiler-embeddable-2.1.0.jar;C:\Users\MOI\.gradle\caches\modules-2\files-2.1\org.jetbrains.kotlin\kotlin-stdlib\2.1.0\85f8b81009cda5890e54ba67d64b5e599c645020\kotlin-stdlib-2.1.0.jar;C:\Users\MOI\.gradle\caches\modules-2\files-2.1\org.jetbrains.kotlin\kotlin-script-runtime\2.1.0\5909da8c57b75a117714ab0e348c86101b7a3284\kotlin-script-runtime-2.1.0.jar;C:\Users\MOI\.gradle\caches\modules-2\files-2.1\org.jetbrains.kotlin\kotlin-reflect\1.6.10\1cbe9c92c12a94eea200d23c2bbaedaf3daf5132\kotlin-reflect-1.6.10.jar;C:\Users\MOI\.gradle\caches\modules-2\files-2.1\org.jetbrains.kotlin\kotlin-daemon-embeddable\2.1.0\420bae1908e4a353f5b56c3c850d24d86367b25d\kotlin-daemon-embeddable-2.1.0.jar;C:\Users\MOI\.gradle\caches\modules-2\files-2.1\org.jetbrains.intellij.deps\trove4j\1.0.20200330\3afb14d5f9ceb459d724e907a21145e8ff394f02\trove4j-1.0.20200330.jar;C:\Users\MOI\.gradle\caches\modules-2\files-2.1\org.jetbrains.kotlinx\kotlinx-coroutines-core-jvm\1.6.4\2c997cd1c0ef33f3e751d3831929aeff1390cb30\kotlinx-coroutines-core-jvm-1.6.4.jar;C:\Users\MOI\.gradle\caches\modules-2\files-2.1\org.jetbrains\annotations\13.0\919f0dfe192fb4e063e7dacadee7f8bb9a2672a9\annotations-13.0.jar
Launcher Type: SUN_STANDARD

[Global flags]
     intx CICompilerCount                          = 4                                         {product} {ergonomic}
     uint ConcGCThreads                            = 2                                         {product} {ergonomic}
     uint G1ConcRefinementThreads                  = 8                                         {product} {ergonomic}
   size_t G1HeapRegionSize                         = 2097152                                   {product} {ergonomic}
    uintx GCDrainStackTargetSize                   = 64                                        {product} {ergonomic}
   size_t InitialHeapSize                          = 264241152                                 {product} {ergonomic}
   size_t MarkStackSize                            = 4194304                                   {product} {ergonomic}
   size_t MaxHeapSize                              = 4225761280                                {product} {ergonomic}
   size_t MinHeapDeltaBytes                        = 2097152                                   {product} {ergonomic}
   size_t MinHeapSize                              = 8388608                                   {product} {ergonomic}
    uintx NonNMethodCodeHeapSize                   = 5839372                                {pd product} {ergonomic}
    uintx NonProfiledCodeHeapSize                  = 122909434                              {pd product} {ergonomic}
    uintx ProfiledCodeHeapSize                     = 122909434                              {pd product} {ergonomic}
    uintx ReservedCodeCacheSize                    = 251658240                              {pd product} {ergonomic}
     bool SegmentedCodeCache                       = true                                      {product} {ergonomic}
   size_t SoftMaxHeapSize                          = 4225761280                             {manageable} {ergonomic}
     bool UseCompressedOops                        = true                           {product lp64_product} {ergonomic}
     bool UseG1GC                                  = true                                      {product} {ergonomic}
     bool UseLargePagesIndividualAllocation        = false                                  {pd product} {ergonomic}

Logging:
Log output configuration:
 #0: stdout all=warning uptime,level,tags foldmultilines=false
 #1: stderr all=off uptime,level,tags foldmultilines=false

Environment Variables:
JAVA_HOME=C:\Program Files\Android\Android Studio\jbr
CLASSPATH=D:\bodytalk_app\android\\gradle\wrapper\gradle-wrapper.jar
PATH=C:\Program Files\Android\Android Studio\jbr\bin;C:\src\flutter\bin\;C:\ProgramData\Oracle\Java\javapath;C:\WINDOWS\system32;C:\WINDOWS;C:\WINDOWS\System32\Wbem;C:\WINDOWS\System32\WindowsPowerShell\v1.0\;C:\WINDOWS\System32\OpenSSH\;C:\Users\MOI\AppData\Local\Programs\Python\Python313\Scripts\;C:\Users\MOI\AppData\Local\Programs\Python\Python313\;C:\Users\MOI\AppData\Local\Programs\Python\Launcher\;C:\Users\MOI\AppData\Local\Microsoft\WindowsApps;C:\Users\MOI\AppData\Local\Programs\Microsoft VS Code\bin;C:\src\flutter\bin;c:\Users\MOI\.vscode\extensions\ms-python.debugpy-2025.14.1-win32-x64\bundled\scripts\noConfigScripts;C:\src\flutter\bin\mingit\cmd
USERNAME=MOI
LANG=en_US.UTF-8
OS=Windows_NT
PROCESSOR_IDENTIFIER=Intel64 Family 6 Model 140 Stepping 1, GenuineIntel
TMP=C:\Users\MOI\AppData\Local\Temp
TEMP=C:\Users\MOI\AppData\Local\Temp




Periodic native trim disabled

JNI global refs:
JNI global refs: 0, weak refs: 0

JNI global refs memory usage: 0, weak refs: 0

Process memory usage:
Resident Set Size: 13980K (0% of 16499172K total physical memory with 1339268K free physical memory)

OOME stack traces (most recent first):
Classloader memory used:

---------------  S Y S T E M  ---------------

OS:
 Windows 11 , 64 bit Build 26100 (10.0.26100.6725)
OS uptime: 5 days 13:13 hours
Hyper-V role detected

CPU: total 8 (initial active 8) (4 cores per cpu, 2 threads per core) family 6 model 140 stepping 1 microcode 0xbc, cx8, cmov, fxsr, ht, mmx, 3dnowpref, sse, sse2, sse3, ssse3, sse4.1, sse4.2, popcnt, lzcnt, tsc, tscinvbit, avx, avx2, aes, erms, clmul, bmi1, bmi2, adx, avx512f, avx512dq, avx512cd, avx512bw, avx512vl, sha, fma, vzeroupper, avx512_vpopcntdq, avx512_vpclmulqdq, avx512_vaes, avx512_vnni, clflush, clflushopt, clwb, avx512_vbmi2, avx512_vbmi, hv, rdtscp, rdpid, fsrm, gfni, avx512_bitalg, f16c, cet_ibt, cet_ss, avx512_ifma
Processor Information for the first 8 processors :
  Max Mhz: 2803, Current Mhz: 2803, Mhz Limit: 2803

Memory: 4k page, system-wide physical 16112M (1307M free)
TotalPageFile size 26877M (AvailPageFile size 46M)
current process WorkingSet (physical memory assigned to process): 13M, peak: 13M
current process commit charge ("private bytes"): 60M, peak: 312M

vm_info: OpenJDK 64-Bit Server VM (21.0.8+-14018985-b1038.68) for windows-amd64 JRE (21.0.8+-14018985-b1038.68), built on 2025-08-29T19:56:34Z by "builder" with MS VC++ 16.10 / 16.11 (VS2019)

END.
